0 info it worked if it ends with ok
1 verbose cli [ 'C:\\nodejs\\\\node.exe',
1 verbose cli   'C:\\nodejs\\node_modules\\npm\\bin\\npm-cli.js',
1 verbose cli   'install',
1 verbose cli   'grunt-clearempty',
1 verbose cli   '--save-dev' ]
2 info using npm@1.4.28
3 info using node@v0.10.35
4 verbose node symlink C:\nodejs\\node.exe
5 warn package.json landing-page@0.0.1 No description
6 warn package.json landing-page@0.0.1 No repository field.
7 warn package.json landing-page@0.0.1 No README data
8 verbose readDependencies using package.json deps
9 verbose cache add [ 'grunt-clearempty', null ]
10 verbose cache add name=undefined spec="grunt-clearempty" args=["grunt-clearempty",null]
11 verbose parsed url { protocol: null,
11 verbose parsed url   slashes: null,
11 verbose parsed url   auth: null,
11 verbose parsed url   host: null,
11 verbose parsed url   port: null,
11 verbose parsed url   hostname: null,
11 verbose parsed url   hash: null,
11 verbose parsed url   search: null,
11 verbose parsed url   query: null,
11 verbose parsed url   pathname: 'grunt-clearempty',
11 verbose parsed url   path: 'grunt-clearempty',
11 verbose parsed url   href: 'grunt-clearempty' }
12 silly lockFile 60be8e9e-grunt-clearempty grunt-clearempty
13 verbose lock grunt-clearempty C:\Users\javier.solis\AppData\Roaming\npm-cache\60be8e9e-grunt-clearempty.lock
14 silly lockFile 60be8e9e-grunt-clearempty grunt-clearempty
15 silly lockFile 60be8e9e-grunt-clearempty grunt-clearempty
16 verbose addNamed [ 'grunt-clearempty', '' ]
17 verbose addNamed [ null, '*' ]
18 silly lockFile 9ed9740e-grunt-clearempty grunt-clearempty@
19 verbose lock grunt-clearempty@ C:\Users\javier.solis\AppData\Roaming\npm-cache\9ed9740e-grunt-clearempty.lock
20 silly addNameRange { name: 'grunt-clearempty', range: '*', hasData: false }
21 verbose request where is /grunt-clearempty
22 verbose request registry https://registry.npmjs.org/
23 verbose request id d0bdcb9a7b2141e3
24 verbose url raw /grunt-clearempty
25 verbose url resolving [ 'https://registry.npmjs.org/', './grunt-clearempty' ]
26 verbose url resolved https://registry.npmjs.org/grunt-clearempty
27 verbose request where is https://registry.npmjs.org/grunt-clearempty
28 info trying registry request attempt 1 at 17:06:09
29 http GET https://registry.npmjs.org/grunt-clearempty
30 http 404 https://registry.npmjs.org/grunt-clearempty
31 silly registry.get cb [ 404,
31 silly registry.get   { 'content-type': 'application/json',
31 silly registry.get     'cache-control': 'max-age=0',
31 silly registry.get     'content-length': '2',
31 silly registry.get     'accept-ranges': 'bytes',
31 silly registry.get     date: 'Fri, 03 Jun 2016 20:06:10 GMT',
31 silly registry.get     via: '1.1 varnish',
31 silly registry.get     age: '0',
31 silly registry.get     connection: 'keep-alive',
31 silly registry.get     'x-served-by': 'cache-atl6250-ATL',
31 silly registry.get     'x-cache': 'MISS',
31 silly registry.get     'x-cache-hits': '0',
31 silly registry.get     'x-timer': 'S1464984370.281858,VS0,VE100',
31 silly registry.get     vary: 'Accept-Encoding' } ]
32 silly lockFile 9ed9740e-grunt-clearempty grunt-clearempty@
33 silly lockFile 9ed9740e-grunt-clearempty grunt-clearempty@
34 error 404 Not Found
34 error 404
34 error 404 'grunt-clearempty' is not in the npm registry.
34 error 404 You should bug the author to publish it
34 error 404 It was specified as a dependency of 'landing-page'
34 error 404
34 error 404 Note that you can also install from a
34 error 404 tarball, folder, or http url, or git url.
35 error System Windows_NT 6.1.7601
36 error command "C:\\nodejs\\\\node.exe" "C:\\nodejs\\node_modules\\npm\\bin\\npm-cli.js" "install" "grunt-clearempty" "--save-dev"
37 error cwd C:\www\avon\landing-page
38 error node -v v0.10.35
39 error npm -v 1.4.28
40 error code E404
41 verbose exit [ 1, true ]
